<?xml version="1.0" encoding="UTF-8"?>
<!-- Generated by org.testng.reporters.JUnitReportReporter -->
<testsuite skipped="0" hostname="Bablu-PC" name="com.ctms.execution.AdminTask_TS_01" tests="1" failures="0" timestamp="02 May 2018 09:12:34 GMT" time="55.277" errors="0">
  <testcase name="SitePersnlMNGMT" time="55.277" classname="com.ctms.execution.AdminTask_TS_01"/>
</testsuite> <!-- com.ctms.execution.AdminTask_TS_01 -->
