<?xml version="1.0" encoding="UTF-8"?>
<!-- Generated by org.testng.reporters.JUnitReportReporter -->
<testsuite skipped="0" hostname="Bablu-PC" name="com.ctms.execution.AdminTask_TS_01" tests="1" failures="0" timestamp="02 May 2018 13:33:50 GMT" time="39.342" errors="0">
  <testcase name="SiteXStudyMethod" time="39.342" classname="com.ctms.execution.AdminTask_TS_01"/>
</testsuite> <!-- com.ctms.execution.AdminTask_TS_01 -->
